d:\threepulse_jiance\pulse\win32\debug\vc120.pdb
d:\threepulse_jiance\pulse\win32\debug\moc_threepulsedialog.obj
d:\threepulse_jiance\pulse\win32\debug\baseinfodialog.obj
d:\threepulse_jiance\pulse\win32\debug\qrc_image_pulse.obj
d:\threepulse_jiance\pulse\win32\debug\threepulsedialog.obj
d:\threepulse_jiance\pulse\win32\debug\logindialog.obj
d:\threepulse_jiance\pulse\win32\debug\testdialog.obj
d:\threepulse_jiance\pulse\win32\debug\tipdialog.obj
d:\threepulse_jiance\pulse\win32\debug\prechoosedialog.obj
d:\threepulse_jiance\pulse\win32\debug\moc_prechoosedialog.obj
d:\threepulse_jiance\pulse\win32\debug\moc_testdialog.obj
d:\threepulse_jiance\pulse\win32\debug\moc_getpulsedata_three.obj
d:\threepulse_jiance\pulse\win32\debug\getpulsedata_three.obj
d:\threepulse_jiance\pulse\debug\pulse.ilk
d:\threepulse_jiance\pulse\debug\pulse.exe
d:\threepulse_jiance\pulse\debug\pulse.pdb
d:\threepulse_jiance\pulse\debug\moc_testdialog.cpp
d:\threepulse_jiance\pulse\debug\moc_prechoosedialog.cpp
d:\threepulse_jiance\pulse\debug\moc_logindialog.cpp
d:\threepulse_jiance\pulse\debug\moc_baseinfodialog.cpp
d:\threepulse_jiance\pulse\debug\moc_getpulsedata_three.cpp
d:\threepulse_jiance\pulse\debug\moc_threepulsedialog.cpp
d:\threepulse_jiance\pulse\debug\moc_tipdialog.cpp
d:\threepulse_jiance\pulse\ui_baseinfodialog.h
d:\threepulse_jiance\pulse\ui_logindialog.h
d:\threepulse_jiance\pulse\ui_prechoosedialog.h
d:\threepulse_jiance\pulse\ui_testdialog.h
d:\threepulse_jiance\pulse\ui_threepulsedialog.h
d:\threepulse_jiance\pulse\ui_tipdialog.h
d:\threepulse_jiance\pulse\generatedfiles\qrc_image_pulse.cpp
d:\threepulse_jiance\pulse\debug\moc_getpulsedata.cpp
d:\threepulse_jiance\pulse\.\generatedfiles\qrc_image_pulse.cpp
d:\threepulse_jiance\pulse\.\ui_baseinfodialog.h
d:\threepulse_jiance\pulse\.\ui_logindialog.h
d:\threepulse_jiance\pulse\.\ui_prechoosedialog.h
d:\threepulse_jiance\pulse\.\ui_testdialog.h
d:\threepulse_jiance\pulse\.\ui_threepulsedialog.h
d:\threepulse_jiance\pulse\.\ui_tipdialog.h
d:\threepulse_jiance\pulse\win32\debug\getpulsedata.obj
d:\threepulse_jiance\pulse\win32\debug\main.obj
d:\threepulse_jiance\pulse\win32\debug\moc_baseinfodialog.obj
d:\threepulse_jiance\pulse\win32\debug\moc_getpulsedata.obj
d:\threepulse_jiance\pulse\win32\debug\moc_logindialog.obj
d:\threepulse_jiance\pulse\win32\debug\moc_tipdialog.obj
d:\threepulse_jiance\pulse\win32\debug\pulse.tlog\cl.command.1.tlog
d:\threepulse_jiance\pulse\win32\debug\pulse.tlog\cl.read.1.tlog
d:\threepulse_jiance\pulse\win32\debug\pulse.tlog\cl.write.1.tlog
d:\threepulse_jiance\pulse\win32\debug\pulse.tlog\link.command.1.tlog
d:\threepulse_jiance\pulse\win32\debug\pulse.tlog\link.read.1.tlog
d:\threepulse_jiance\pulse\win32\debug\pulse.tlog\link.write.1.tlog
d:\threepulse_jiance\pulse\win32\debug\pulse.tlog\moc.read.1u.tlog
d:\threepulse_jiance\pulse\win32\debug\pulse.tlog\moc.write.1u.tlog
d:\threepulse_jiance\pulse\win32\debug\pulse.tlog\pulse.write.1u.tlog
d:\threepulse_jiance\pulse\win32\debug\pulse.tlog\rcc.read.1u.tlog
d:\threepulse_jiance\pulse\win32\debug\pulse.tlog\rcc.write.1u.tlog
d:\threepulse_jiance\pulse\win32\debug\pulse.tlog\uic.read.1u.tlog
d:\threepulse_jiance\pulse\win32\debug\pulse.tlog\uic.write.1u.tlog
