d:\threepulse_jiance\pulse\win32\release\vc120.pdb
d:\threepulse_jiance\pulse\win32\release\tipdialog.obj
d:\threepulse_jiance\pulse\win32\release\moc_logindialog.obj
d:\threepulse_jiance\pulse\win32\release\getpulsedata_three.obj
d:\threepulse_jiance\pulse\win32\release\moc_prechoosedialog.obj
d:\threepulse_jiance\pulse\win32\release\qrc_image_pulse.obj
d:\threepulse_jiance\pulse\win32\release\testdialog.obj
d:\threepulse_jiance\pulse\win32\release\moc_tipdialog.obj
d:\threepulse_jiance\pulse\win32\release\logindialog.obj
d:\threepulse_jiance\pulse\win32\release\moc_getpulsedata_three.obj
d:\threepulse_jiance\pulse\win32\release\threepulsedialog.obj
d:\threepulse_jiance\pulse\win32\release\baseinfodialog.obj
d:\threepulse_jiance\pulse\win32\release\moc_threepulsedialog.obj
d:\threepulse_jiance\pulse\win32\release\prechoosedialog.obj
d:\threepulse_jiance\pulse\win32\release\moc_baseinfodialog.obj
d:\threepulse_jiance\pulse\win32\release\main.obj
d:\threepulse_jiance\pulse\win32\release\moc_testdialog.obj
d:\threepulse_jiance\pulse\release\pulse.exe
d:\threepulse_jiance\pulse\release\moc_testdialog.cpp
d:\threepulse_jiance\pulse\release\moc_prechoosedialog.cpp
d:\threepulse_jiance\pulse\release\moc_logindialog.cpp
d:\threepulse_jiance\pulse\release\moc_baseinfodialog.cpp
d:\threepulse_jiance\pulse\release\moc_getpulsedata_three.cpp
d:\threepulse_jiance\pulse\release\moc_threepulsedialog.cpp
d:\threepulse_jiance\pulse\release\moc_tipdialog.cpp
d:\threepulse_jiance\pulse\ui_baseinfodialog.h
d:\threepulse_jiance\pulse\ui_logindialog.h
d:\threepulse_jiance\pulse\ui_prechoosedialog.h
d:\threepulse_jiance\pulse\ui_testdialog.h
d:\threepulse_jiance\pulse\ui_threepulsedialog.h
d:\threepulse_jiance\pulse\ui_tipdialog.h
d:\threepulse_jiance\pulse\generatedfiles\qrc_image_pulse.cpp
d:\threepulse_jiance\pulse\.\generatedfiles\qrc_image_pulse.cpp
d:\threepulse_jiance\pulse\.\ui_baseinfodialog.h
d:\threepulse_jiance\pulse\.\ui_logindialog.h
d:\threepulse_jiance\pulse\.\ui_prechoosedialog.h
d:\threepulse_jiance\pulse\.\ui_testdialog.h
d:\threepulse_jiance\pulse\.\ui_threepulsedialog.h
d:\threepulse_jiance\pulse\.\ui_tipdialog.h
d:\threepulse_jiance\pulse\win32\release\pulse.tlog\cl.command.1.tlog
d:\threepulse_jiance\pulse\win32\release\pulse.tlog\cl.read.1.tlog
d:\threepulse_jiance\pulse\win32\release\pulse.tlog\cl.write.1.tlog
d:\threepulse_jiance\pulse\win32\release\pulse.tlog\link.command.1.tlog
d:\threepulse_jiance\pulse\win32\release\pulse.tlog\link.read.1.tlog
d:\threepulse_jiance\pulse\win32\release\pulse.tlog\link.write.1.tlog
d:\threepulse_jiance\pulse\win32\release\pulse.tlog\moc.read.1u.tlog
d:\threepulse_jiance\pulse\win32\release\pulse.tlog\moc.write.1u.tlog
d:\threepulse_jiance\pulse\win32\release\pulse.tlog\pulse.write.1u.tlog
d:\threepulse_jiance\pulse\win32\release\pulse.tlog\rcc.read.1u.tlog
d:\threepulse_jiance\pulse\win32\release\pulse.tlog\rcc.write.1u.tlog
d:\threepulse_jiance\pulse\win32\release\pulse.tlog\uic.read.1u.tlog
d:\threepulse_jiance\pulse\win32\release\pulse.tlog\uic.write.1u.tlog
