生成启动时间为 2020/7/27 17:02:38。
     1>项目“D:\threePulse_jiance\pulse\pulse.vcxproj”在节点 2 上(Build 个目标)。
     1>QtRccSetDependencies:
         "D:\Qt2\Qt5.7.1\5.7\msvc2013\bin\rcc.exe" --list "image_pulse.qrc" > "Win32\Release\rcc_list.txt" 2> nul
       QtWork:
         Rcc'ing image_pulse.qrc...
       ClCompile:
         D:\Program Files (x86)\Microsoft Visual Studio 12.0\VC\bin\CL.exe /c /I.\GeneratedFiles\Release /I.\GeneratedFiles /I. /I..\..\QT2\QT5.7.1\5.7\MSVC2013\include /I..\..\QT2\QT5.7.1\5.7\MSVC2013\include\QtWidgets /I..\..\QT2\QT5.7.1\5.7\MSVC2013\include\QtGui /I..\..\QT2\QT5.7.1\5.7\MSVC2013\include\QtANGLE /I..\..\QT2\QT5.7.1\5.7\MSVC2013\include\QtCore /Irelease /I"..\..\QT2\QT5.7.1\5.7\MSVC2013\mkspecs\win32-msvc2013" /ID:\Qt2\Qt5.7.1\5.7\msvc2013\include\QtCore /ID:\Qt2\Qt5.7.1\5.7\msvc2013\include\QtGui /ID:\Qt2\Qt5.7.1\5.7\msvc2013\include\QtANGLE /ID:\Qt2\Qt5.7.1\5.7\msvc2013\include\QtSerialPort /ID:\Qt2\Qt5.7.1\5.7\msvc2013\include\QtWidgets /ID:\Qt2\Qt5.7.1\5.7\msvc2013\include\QtXml /nologo /W3 /WX- /MP /O2 /Oy- /D _WINDOWS /D UNICODE /D WIN32 /D QT_DEPRECATED_WARNINGS /D QT_NO_DEBUG /D QT_WIDGETS_LIB /D QT_GUI_LIB /D QT_CORE_LIB /D NDEBUG /D QT_SERIALPORT_LIB /D QT_XML_LIB /Gm- /EHsc /MD /GS /fp:precise /Zc:wchar_t /Zc:forScope /GR /Fo"Win32\Release\\" /Fd"Win32\Release\vc120.pdb" /Gd /TP /analyze- /errorReport:prompt -Zc:strictStrings -w34100 -w34189 -w44996 baseinfodialog.cpp getpulsedata_three.cpp logindialog.cpp main.cpp prechoosedialog.cpp testdialog.cpp threepulsedialog.cpp tipdialog.cpp Release\moc_testdialog.cpp Release\moc_prechoosedialog.cpp Release\moc_logindialog.cpp Release\moc_baseinfodialog.cpp Release\moc_getpulsedata_three.cpp Release\moc_threepulsedialog.cpp Release\moc_tipdialog.cpp GeneratedFiles\qrc_image_pulse.cpp
         baseinfodialog.cpp
         getpulsedata_three.cpp
         logindialog.cpp
         main.cpp
         prechoosedialog.cpp
         testdialog.cpp
         threepulsedialog.cpp
         tipdialog.cpp
     1>logindialog.cpp(20): warning C4100: “arg1”: 未引用的形参
         moc_testdialog.cpp
         moc_prechoosedialog.cpp
         moc_logindialog.cpp
         moc_baseinfodialog.cpp
         moc_getpulsedata_three.cpp
     1>d:\threepulse_jiance\pulse\testdialog.cpp(278): warning C4715: “TestDialog::combineAddPressCommand”: 不是所有的控件路径都返回值
         moc_threepulsedialog.cpp
         moc_tipdialog.cpp
         qrc_image_pulse.cpp
         Compiler terminating.  Please wait........... Abort complete.
         Compiler terminating.  Please wait........... Abort complete.
         Compiler terminating.  Please wait........... Abort complete.
     1>已完成生成项目“D:\threePulse_jiance\pulse\pulse.vcxproj”(Build 个目标)的操作 - 失败。

生成失败。

已用时间 00:00:05.61
